[ 2017-12-09T17:35:01+08:00 ]  
INFO: [ app_init ] --START--
INFO: Run Behavior\BuildLiteBehavior [ RunTime:0.000012s ]
INFO: [ app_init ] --END-- [ RunTime:0.000244s ]
NOTIC: [8] Undefined index: REQUEST_METHOD /Library/WebServer/News/ThinkPHP/Library/Think/App.class.php 第 31 行.
NOTIC: [8] Undefined index: REQUEST_URI /Library/WebServer/News/ThinkPHP/Library/Think/Dispatcher.class.php 第 137 行.
NOTIC: [8] Use of undefined constant _PHP_FILE_ - assumed '_PHP_FILE_' /Library/WebServer/News/ThinkPHP/Library/Think/Dispatcher.class.php 第 191 行.
INFO: [ app_begin ] --START--
INFO: Run Behavior\ReadHtmlCacheBehavior [ RunTime:0.000306s ]
INFO: [ app_begin ] --END-- [ RunTime:0.000324s ]
INFO: [ app_end ] --START--
INFO: Run Behavior\ShowPageTraceBehavior [ RunTime:0.001070s ]
INFO: [ app_end ] --END-- [ RunTime:0.001137s ]

[ 2017-12-09T17:35:01+08:00 ]  
INFO: [ app_init ] --START--
INFO: Run Behavior\BuildLiteBehavior [ RunTime:0.000011s ]
INFO: [ app_init ] --END-- [ RunTime:0.000233s ]
NOTIC: [8] Undefined index: REQUEST_METHOD /Library/WebServer/News/ThinkPHP/Library/Think/App.class.php 第 31 行.
NOTIC: [8] Undefined index: REQUEST_URI /Library/WebServer/News/ThinkPHP/Library/Think/Dispatcher.class.php 第 137 行.
NOTIC: [8] Use of undefined constant _PHP_FILE_ - assumed '_PHP_FILE_' /Library/WebServer/News/ThinkPHP/Library/Think/Dispatcher.class.php 第 191 行.
INFO: [ app_begin ] --START--
INFO: Run Behavior\ReadHtmlCacheBehavior [ RunTime:0.000270s ]
INFO: [ app_begin ] --END-- [ RunTime:0.000289s ]
SQL: SHOW COLUMNS FROM `cms_news` [ RunTime:0.0007s ]
SQL: SELECT * FROM `cms_news` WHERE `status` = 1  [ RunTime:0.0013s ]
SQL: SHOW COLUMNS FROM `cms_position_content` [ RunTime:0.0006s ]
SQL: SELECT * FROM `cms_position_content` WHERE `position_id` = 5  [ RunTime:0.0003s ]
INFO: [ view_parse ] --START--
INFO: [ template_filter ] --START--
NOTIC: [8] Use of undefined constant __ROOT__ - assumed '__ROOT__' /Library/WebServer/News/ThinkPHP/Library/Behavior/ContentReplaceBehavior.class.php 第 31 行.
NOTIC: [8] Use of undefined constant __ROOT__ - assumed '__ROOT__' /Library/WebServer/News/ThinkPHP/Library/Behavior/ContentReplaceBehavior.class.php 第 38 行.
INFO: Run Behavior\ContentReplaceBehavior [ RunTime:0.000045s ]
INFO: [ template_filter ] --END-- [ RunTime:0.000065s ]
NOTIC: [2] Declaration of Common\Model\MenuModel::find($id) should be compatible with Think\Model::find($options = Array) /Library/WebServer/News/Application/Common/Model/MenuModel.class.php 第 136 行.
SQL: SHOW COLUMNS FROM `cms_menu` [ RunTime:0.0005s ]
SQL: SELECT * FROM `cms_menu` WHERE `type` = 0 AND `status` = 1  [ RunTime:0.0003s ]
NOTIC: [8] Undefined variable: config /Library/WebServer/News/Application/Runtime/Cache/Home/5e33a1873ced8479494472158c6dc1a6.php 第 6 行.
NOTIC: [8] Undefined variable: config /Library/WebServer/News/Application/Runtime/Cache/Home/5e33a1873ced8479494472158c6dc1a6.php 第 7 行.
NOTIC: [8] Undefined variable: config /Library/WebServer/News/Application/Runtime/Cache/Home/5e33a1873ced8479494472158c6dc1a6.php 第 8 行.
NOTIC: [8] Undefined index: catId /Library/WebServer/News/Application/Runtime/Cache/Home/5e33a1873ced8479494472158c6dc1a6.php 第 22 行.
NOTIC: [8] Undefined index: catId /Library/WebServer/News/Application/Runtime/Cache/Home/5e33a1873ced8479494472158c6dc1a6.php 第 23 行.
NOTIC: [8] Undefined index: catId /Library/WebServer/News/Application/Runtime/Cache/Home/5e33a1873ced8479494472158c6dc1a6.php 第 23 行.
NOTIC: [8] Undefined index: catId /Library/WebServer/News/Application/Runtime/Cache/Home/5e33a1873ced8479494472158c6dc1a6.php 第 23 行.
NOTIC: [8] Undefined index: topPicNews /Library/WebServer/News/Application/Runtime/Cache/Home/5e33a1873ced8479494472158c6dc1a6.php 第 34 行.
NOTIC: [8] Undefined index: topPicNews /Library/WebServer/News/Application/Runtime/Cache/Home/5e33a1873ced8479494472158c6dc1a6.php 第 34 行.
NOTIC: [8] Undefined index: topPicNews /Library/WebServer/News/Application/Runtime/Cache/Home/5e33a1873ced8479494472158c6dc1a6.php 第 34 行.
NOTIC: [8] Undefined index: topPicNews /Library/WebServer/News/Application/Runtime/Cache/Home/5e33a1873ced8479494472158c6dc1a6.php 第 35 行.
NOTIC: [8] Undefined index: topPicNews /Library/WebServer/News/Application/Runtime/Cache/Home/5e33a1873ced8479494472158c6dc1a6.php 第 35 行.
NOTIC: [8] Undefined index: name /Library/WebServer/News/Application/Runtime/Cache/Home/5e33a1873ced8479494472158c6dc1a6.php 第 82 行.
NOTIC: [8] Undefined index: name /Library/WebServer/News/Application/Runtime/Cache/Home/5e33a1873ced8479494472158c6dc1a6.php 第 82 行.
INFO: Run Behavior\ParseTemplateBehavior [ RunTime:0.014088s ]
INFO: [ view_parse ] --END-- [ RunTime:0.014108s ]
INFO: [ view_filter ] --START--
INFO: Run Behavior\WriteHtmlCacheBehavior [ RunTime:0.000174s ]
INFO: [ view_filter ] --END-- [ RunTime:0.000193s ]
INFO: [ app_end ] --START--
INFO: Run Behavior\ShowPageTraceBehavior [ RunTime:0.000794s ]
INFO: [ app_end ] --END-- [ RunTime:0.000837s ]

[ 2017-12-09T17:36:00+08:00 ]  
INFO: [ app_init ] --START--
INFO: Run Behavior\BuildLiteBehavior [ RunTime:0.000013s ]
INFO: [ app_init ] --END-- [ RunTime:0.000247s ]
NOTIC: [8] Undefined index: REQUEST_METHOD /Library/WebServer/News/ThinkPHP/Library/Think/App.class.php 第 31 行.
NOTIC: [8] Undefined index: REQUEST_URI /Library/WebServer/News/ThinkPHP/Library/Think/Dispatcher.class.php 第 137 行.
NOTIC: [8] Use of undefined constant _PHP_FILE_ - assumed '_PHP_FILE_' /Library/WebServer/News/ThinkPHP/Library/Think/Dispatcher.class.php 第 191 行.
INFO: [ app_begin ] --START--
INFO: Run Behavior\ReadHtmlCacheBehavior [ RunTime:0.000288s ]
INFO: [ app_begin ] --END-- [ RunTime:0.000306s ]
SQL: SHOW COLUMNS FROM `cms_news` [ RunTime:0.0006s ]
SQL: SELECT * FROM `cms_news` WHERE `status` = 1  [ RunTime:0.0004s ]
SQL: SHOW COLUMNS FROM `cms_position_content` [ RunTime:0.0005s ]
SQL: SELECT * FROM `cms_position_content` WHERE `position_id` = 5  [ RunTime:0.0003s ]
INFO: [ view_parse ] --START--
INFO: [ template_filter ] --START--
NOTIC: [8] Use of undefined constant __ROOT__ - assumed '__ROOT__' /Library/WebServer/News/ThinkPHP/Library/Behavior/ContentReplaceBehavior.class.php 第 31 行.
NOTIC: [8] Use of undefined constant __ROOT__ - assumed '__ROOT__' /Library/WebServer/News/ThinkPHP/Library/Behavior/ContentReplaceBehavior.class.php 第 38 行.
INFO: Run Behavior\ContentReplaceBehavior [ RunTime:0.000047s ]
INFO: [ template_filter ] --END-- [ RunTime:0.000068s ]
NOTIC: [2] Declaration of Common\Model\MenuModel::find($id) should be compatible with Think\Model::find($options = Array) /Library/WebServer/News/Application/Common/Model/MenuModel.class.php 第 136 行.
SQL: SHOW COLUMNS FROM `cms_menu` [ RunTime:0.0005s ]
SQL: SELECT * FROM `cms_menu` WHERE `type` = 0 AND `status` = 1  [ RunTime:0.0003s ]
NOTIC: [8] Undefined variable: config /Library/WebServer/News/Application/Runtime/Cache/Home/5e33a1873ced8479494472158c6dc1a6.php 第 6 行.
NOTIC: [8] Undefined variable: config /Library/WebServer/News/Application/Runtime/Cache/Home/5e33a1873ced8479494472158c6dc1a6.php 第 7 行.
NOTIC: [8] Undefined variable: config /Library/WebServer/News/Application/Runtime/Cache/Home/5e33a1873ced8479494472158c6dc1a6.php 第 8 行.
NOTIC: [8] Undefined index: catId /Library/WebServer/News/Application/Runtime/Cache/Home/5e33a1873ced8479494472158c6dc1a6.php 第 22 行.
NOTIC: [8] Undefined index: catId /Library/WebServer/News/Application/Runtime/Cache/Home/5e33a1873ced8479494472158c6dc1a6.php 第 23 行.
NOTIC: [8] Undefined index: catId /Library/WebServer/News/Application/Runtime/Cache/Home/5e33a1873ced8479494472158c6dc1a6.php 第 23 行.
NOTIC: [8] Undefined index: catId /Library/WebServer/News/Application/Runtime/Cache/Home/5e33a1873ced8479494472158c6dc1a6.php 第 23 行.
NOTIC: [8] Undefined index: topPicNews /Library/WebServer/News/Application/Runtime/Cache/Home/5e33a1873ced8479494472158c6dc1a6.php 第 34 行.
NOTIC: [8] Undefined index: topPicNews /Library/WebServer/News/Application/Runtime/Cache/Home/5e33a1873ced8479494472158c6dc1a6.php 第 34 行.
NOTIC: [8] Undefined index: topPicNews /Library/WebServer/News/Application/Runtime/Cache/Home/5e33a1873ced8479494472158c6dc1a6.php 第 34 行.
NOTIC: [8] Undefined index: topPicNews /Library/WebServer/News/Application/Runtime/Cache/Home/5e33a1873ced8479494472158c6dc1a6.php 第 35 行.
NOTIC: [8] Undefined index: topPicNews /Library/WebServer/News/Application/Runtime/Cache/Home/5e33a1873ced8479494472158c6dc1a6.php 第 35 行.
NOTIC: [8] Undefined index: name /Library/WebServer/News/Application/Runtime/Cache/Home/5e33a1873ced8479494472158c6dc1a6.php 第 82 行.
NOTIC: [8] Undefined index: name /Library/WebServer/News/Application/Runtime/Cache/Home/5e33a1873ced8479494472158c6dc1a6.php 第 82 行.
INFO: Run Behavior\ParseTemplateBehavior [ RunTime:0.010982s ]
INFO: [ view_parse ] --END-- [ RunTime:0.011005s ]
INFO: [ view_filter ] --START--
INFO: Run Behavior\WriteHtmlCacheBehavior [ RunTime:0.000212s ]
INFO: [ view_filter ] --END-- [ RunTime:0.000232s ]
INFO: [ app_end ] --START--
INFO: Run Behavior\ShowPageTraceBehavior [ RunTime:0.000514s ]
INFO: [ app_end ] --END-- [ RunTime:0.000540s ]

[ 2017-12-09T17:36:00+08:00 ]  
INFO: [ app_init ] --START--
INFO: Run Behavior\BuildLiteBehavior [ RunTime:0.000017s ]
INFO: [ app_init ] --END-- [ RunTime:0.000359s ]
NOTIC: [8] Undefined index: REQUEST_METHOD /Library/WebServer/News/ThinkPHP/Library/Think/App.class.php 第 31 行.
NOTIC: [8] Undefined index: REQUEST_URI /Library/WebServer/News/ThinkPHP/Library/Think/Dispatcher.class.php 第 137 行.
NOTIC: [8] Use of undefined constant _PHP_FILE_ - assumed '_PHP_FILE_' /Library/WebServer/News/ThinkPHP/Library/Think/Dispatcher.class.php 第 191 行.
INFO: [ app_begin ] --START--
INFO: Run Behavior\ReadHtmlCacheBehavior [ RunTime:0.000399s ]
INFO: [ app_begin ] --END-- [ RunTime:0.000423s ]
INFO: [ app_end ] --START--
INFO: Run Behavior\ShowPageTraceBehavior [ RunTime:0.000851s ]
INFO: [ app_end ] --END-- [ RunTime:0.000899s ]

[ 2017-12-09T17:37:00+08:00 ]  
INFO: [ app_init ] --START--
INFO: Run Behavior\BuildLiteBehavior [ RunTime:0.000011s ]
INFO: [ app_init ] --END-- [ RunTime:0.000233s ]
NOTIC: [8] Undefined index: REQUEST_METHOD /Library/WebServer/News/ThinkPHP/Library/Think/App.class.php 第 31 行.
NOTIC: [8] Undefined index: REQUEST_URI /Library/WebServer/News/ThinkPHP/Library/Think/Dispatcher.class.php 第 137 行.
NOTIC: [8] Use of undefined constant _PHP_FILE_ - assumed '_PHP_FILE_' /Library/WebServer/News/ThinkPHP/Library/Think/Dispatcher.class.php 第 191 行.
INFO: [ app_begin ] --START--
INFO: Run Behavior\ReadHtmlCacheBehavior [ RunTime:0.000292s ]
INFO: [ app_begin ] --END-- [ RunTime:0.000311s ]
INFO: [ app_end ] --START--
INFO: Run Behavior\ShowPageTraceBehavior [ RunTime:0.000747s ]
INFO: [ app_end ] --END-- [ RunTime:0.000810s ]

[ 2017-12-09T17:37:00+08:00 ]  
INFO: [ app_init ] --START--
INFO: Run Behavior\BuildLiteBehavior [ RunTime:0.000013s ]
INFO: [ app_init ] --END-- [ RunTime:0.000252s ]
NOTIC: [8] Undefined index: REQUEST_METHOD /Library/WebServer/News/ThinkPHP/Library/Think/App.class.php 第 31 行.
NOTIC: [8] Undefined index: REQUEST_URI /Library/WebServer/News/ThinkPHP/Library/Think/Dispatcher.class.php 第 137 行.
NOTIC: [8] Use of undefined constant _PHP_FILE_ - assumed '_PHP_FILE_' /Library/WebServer/News/ThinkPHP/Library/Think/Dispatcher.class.php 第 191 行.
INFO: [ app_begin ] --START--
INFO: Run Behavior\ReadHtmlCacheBehavior [ RunTime:0.000265s ]
INFO: [ app_begin ] --END-- [ RunTime:0.000282s ]
SQL: SHOW COLUMNS FROM `cms_news` [ RunTime:0.0005s ]
SQL: SELECT * FROM `cms_news` WHERE `status` = 1  [ RunTime:0.0004s ]
SQL: SHOW COLUMNS FROM `cms_position_content` [ RunTime:0.0004s ]
SQL: SELECT * FROM `cms_position_content` WHERE `position_id` = 5  [ RunTime:0.0003s ]
INFO: [ view_parse ] --START--
INFO: [ template_filter ] --START--
NOTIC: [8] Use of undefined constant __ROOT__ - assumed '__ROOT__' /Library/WebServer/News/ThinkPHP/Library/Behavior/ContentReplaceBehavior.class.php 第 31 行.
NOTIC: [8] Use of undefined constant __ROOT__ - assumed '__ROOT__' /Library/WebServer/News/ThinkPHP/Library/Behavior/ContentReplaceBehavior.class.php 第 38 行.
INFO: Run Behavior\ContentReplaceBehavior [ RunTime:0.000064s ]
INFO: [ template_filter ] --END-- [ RunTime:0.000096s ]
NOTIC: [2] Declaration of Common\Model\MenuModel::find($id) should be compatible with Think\Model::find($options = Array) /Library/WebServer/News/Application/Common/Model/MenuModel.class.php 第 136 行.
SQL: SHOW COLUMNS FROM `cms_menu` [ RunTime:0.0007s ]
SQL: SELECT * FROM `cms_menu` WHERE `type` = 0 AND `status` = 1  [ RunTime:0.0004s ]
NOTIC: [8] Undefined variable: config /Library/WebServer/News/Application/Runtime/Cache/Home/5e33a1873ced8479494472158c6dc1a6.php 第 6 行.
NOTIC: [8] Undefined variable: config /Library/WebServer/News/Application/Runtime/Cache/Home/5e33a1873ced8479494472158c6dc1a6.php 第 7 行.
NOTIC: [8] Undefined variable: config /Library/WebServer/News/Application/Runtime/Cache/Home/5e33a1873ced8479494472158c6dc1a6.php 第 8 行.
NOTIC: [8] Undefined index: catId /Library/WebServer/News/Application/Runtime/Cache/Home/5e33a1873ced8479494472158c6dc1a6.php 第 22 行.
NOTIC: [8] Undefined index: catId /Library/WebServer/News/Application/Runtime/Cache/Home/5e33a1873ced8479494472158c6dc1a6.php 第 23 行.
NOTIC: [8] Undefined index: catId /Library/WebServer/News/Application/Runtime/Cache/Home/5e33a1873ced8479494472158c6dc1a6.php 第 23 行.
NOTIC: [8] Undefined index: catId /Library/WebServer/News/Application/Runtime/Cache/Home/5e33a1873ced8479494472158c6dc1a6.php 第 23 行.
NOTIC: [8] Undefined index: topPicNews /Library/WebServer/News/Application/Runtime/Cache/Home/5e33a1873ced8479494472158c6dc1a6.php 第 34 行.
NOTIC: [8] Undefined index: topPicNews /Library/WebServer/News/Application/Runtime/Cache/Home/5e33a1873ced8479494472158c6dc1a6.php 第 34 行.
NOTIC: [8] Undefined index: topPicNews /Library/WebServer/News/Application/Runtime/Cache/Home/5e33a1873ced8479494472158c6dc1a6.php 第 34 行.
NOTIC: [8] Undefined index: topPicNews /Library/WebServer/News/Application/Runtime/Cache/Home/5e33a1873ced8479494472158c6dc1a6.php 第 35 行.
NOTIC: [8] Undefined index: topPicNews /Library/WebServer/News/Application/Runtime/Cache/Home/5e33a1873ced8479494472158c6dc1a6.php 第 35 行.
NOTIC: [8] Undefined index: name /Library/WebServer/News/Application/Runtime/Cache/Home/5e33a1873ced8479494472158c6dc1a6.php 第 82 行.
NOTIC: [8] Undefined index: name /Library/WebServer/News/Application/Runtime/Cache/Home/5e33a1873ced8479494472158c6dc1a6.php 第 82 行.
INFO: Run Behavior\ParseTemplateBehavior [ RunTime:0.012711s ]
INFO: [ view_parse ] --END-- [ RunTime:0.012733s ]
INFO: [ view_filter ] --START--
INFO: Run Behavior\WriteHtmlCacheBehavior [ RunTime:0.000209s ]
INFO: [ view_filter ] --END-- [ RunTime:0.000229s ]
INFO: [ app_end ] --START--
INFO: Run Behavior\ShowPageTraceBehavior [ RunTime:0.000497s ]
INFO: [ app_end ] --END-- [ RunTime:0.000526s ]

[ 2017-12-09T17:38:01+08:00 ]  
INFO: [ app_init ] --START--
INFO: Run Behavior\BuildLiteBehavior [ RunTime:0.000012s ]
INFO: [ app_init ] --END-- [ RunTime:0.000249s ]
NOTIC: [8] Undefined index: REQUEST_METHOD /Library/WebServer/News/ThinkPHP/Library/Think/App.class.php 第 31 行.
NOTIC: [8] Undefined index: REQUEST_URI /Library/WebServer/News/ThinkPHP/Library/Think/Dispatcher.class.php 第 137 行.
NOTIC: [8] Use of undefined constant _PHP_FILE_ - assumed '_PHP_FILE_' /Library/WebServer/News/ThinkPHP/Library/Think/Dispatcher.class.php 第 191 行.
INFO: [ app_begin ] --START--
INFO: Run Behavior\ReadHtmlCacheBehavior [ RunTime:0.000291s ]
INFO: [ app_begin ] --END-- [ RunTime:0.000310s ]
INFO: [ app_end ] --START--
INFO: Run Behavior\ShowPageTraceBehavior [ RunTime:0.000957s ]
INFO: [ app_end ] --END-- [ RunTime:0.001006s ]

[ 2017-12-09T17:38:01+08:00 ]  
INFO: [ app_init ] --START--
INFO: Run Behavior\BuildLiteBehavior [ RunTime:0.000016s ]
INFO: [ app_init ] --END-- [ RunTime:0.000340s ]
NOTIC: [8] Undefined index: REQUEST_METHOD /Library/WebServer/News/ThinkPHP/Library/Think/App.class.php 第 31 行.
NOTIC: [8] Undefined index: REQUEST_URI /Library/WebServer/News/ThinkPHP/Library/Think/Dispatcher.class.php 第 137 行.
NOTIC: [8] Use of undefined constant _PHP_FILE_ - assumed '_PHP_FILE_' /Library/WebServer/News/ThinkPHP/Library/Think/Dispatcher.class.php 第 191 行.
INFO: [ app_begin ] --START--
INFO: Run Behavior\ReadHtmlCacheBehavior [ RunTime:0.000404s ]
INFO: [ app_begin ] --END-- [ RunTime:0.000428s ]
SQL: SHOW COLUMNS FROM `cms_news` [ RunTime:0.0008s ]
SQL: SELECT * FROM `cms_news` WHERE `status` = 1  [ RunTime:0.0005s ]
SQL: SHOW COLUMNS FROM `cms_position_content` [ RunTime:0.0006s ]
SQL: SELECT * FROM `cms_position_content` WHERE `position_id` = 5  [ RunTime:0.0003s ]
INFO: [ view_parse ] --START--
INFO: [ template_filter ] --START--
NOTIC: [8] Use of undefined constant __ROOT__ - assumed '__ROOT__' /Library/WebServer/News/ThinkPHP/Library/Behavior/ContentReplaceBehavior.class.php 第 31 行.
NOTIC: [8] Use of undefined constant __ROOT__ - assumed '__ROOT__' /Library/WebServer/News/ThinkPHP/Library/Behavior/ContentReplaceBehavior.class.php 第 38 行.
INFO: Run Behavior\ContentReplaceBehavior [ RunTime:0.000064s ]
INFO: [ template_filter ] --END-- [ RunTime:0.000093s ]
NOTIC: [2] Declaration of Common\Model\MenuModel::find($id) should be compatible with Think\Model::find($options = Array) /Library/WebServer/News/Application/Common/Model/MenuModel.class.php 第 136 行.
SQL: SHOW COLUMNS FROM `cms_menu` [ RunTime:0.0006s ]
SQL: SELECT * FROM `cms_menu` WHERE `type` = 0 AND `status` = 1  [ RunTime:0.0003s ]
NOTIC: [8] Undefined variable: config /Library/WebServer/News/Application/Runtime/Cache/Home/5e33a1873ced8479494472158c6dc1a6.php 第 6 行.
NOTIC: [8] Undefined variable: config /Library/WebServer/News/Application/Runtime/Cache/Home/5e33a1873ced8479494472158c6dc1a6.php 第 7 行.
NOTIC: [8] Undefined variable: config /Library/WebServer/News/Application/Runtime/Cache/Home/5e33a1873ced8479494472158c6dc1a6.php 第 8 行.
NOTIC: [8] Undefined index: catId /Library/WebServer/News/Application/Runtime/Cache/Home/5e33a1873ced8479494472158c6dc1a6.php 第 22 行.
NOTIC: [8] Undefined index: catId /Library/WebServer/News/Application/Runtime/Cache/Home/5e33a1873ced8479494472158c6dc1a6.php 第 23 行.
NOTIC: [8] Undefined index: catId /Library/WebServer/News/Application/Runtime/Cache/Home/5e33a1873ced8479494472158c6dc1a6.php 第 23 行.
NOTIC: [8] Undefined index: catId /Library/WebServer/News/Application/Runtime/Cache/Home/5e33a1873ced8479494472158c6dc1a6.php 第 23 行.
NOTIC: [8] Undefined index: topPicNews /Library/WebServer/News/Application/Runtime/Cache/Home/5e33a1873ced8479494472158c6dc1a6.php 第 34 行.
NOTIC: [8] Undefined index: topPicNews /Library/WebServer/News/Application/Runtime/Cache/Home/5e33a1873ced8479494472158c6dc1a6.php 第 34 行.
NOTIC: [8] Undefined index: topPicNews /Library/WebServer/News/Application/Runtime/Cache/Home/5e33a1873ced8479494472158c6dc1a6.php 第 34 行.
NOTIC: [8] Undefined index: topPicNews /Library/WebServer/News/Application/Runtime/Cache/Home/5e33a1873ced8479494472158c6dc1a6.php 第 35 行.
NOTIC: [8] Undefined index: topPicNews /Library/WebServer/News/Application/Runtime/Cache/Home/5e33a1873ced8479494472158c6dc1a6.php 第 35 行.
NOTIC: [8] Undefined index: name /Library/WebServer/News/Application/Runtime/Cache/Home/5e33a1873ced8479494472158c6dc1a6.php 第 82 行.
NOTIC: [8] Undefined index: name /Library/WebServer/News/Application/Runtime/Cache/Home/5e33a1873ced8479494472158c6dc1a6.php 第 82 行.
INFO: Run Behavior\ParseTemplateBehavior [ RunTime:0.012719s ]
INFO: [ view_parse ] --END-- [ RunTime:0.012740s ]
INFO: [ view_filter ] --START--
INFO: Run Behavior\WriteHtmlCacheBehavior [ RunTime:0.000211s ]
INFO: [ view_filter ] --END-- [ RunTime:0.000231s ]
INFO: [ app_end ] --START--
INFO: Run Behavior\ShowPageTraceBehavior [ RunTime:0.000488s ]
INFO: [ app_end ] --END-- [ RunTime:0.000515s ]

[ 2017-12-09T17:39:00+08:00 ]  
INFO: [ app_init ] --START--
INFO: Run Behavior\BuildLiteBehavior [ RunTime:0.000016s ]
INFO: [ app_init ] --END-- [ RunTime:0.000331s ]
NOTIC: [8] Undefined index: REQUEST_METHOD /Library/WebServer/News/ThinkPHP/Library/Think/App.class.php 第 31 行.
NOTIC: [8] Undefined index: REQUEST_URI /Library/WebServer/News/ThinkPHP/Library/Think/Dispatcher.class.php 第 137 行.
NOTIC: [8] Use of undefined constant _PHP_FILE_ - assumed '_PHP_FILE_' /Library/WebServer/News/ThinkPHP/Library/Think/Dispatcher.class.php 第 191 行.
INFO: [ app_begin ] --START--
INFO: Run Behavior\ReadHtmlCacheBehavior [ RunTime:0.000390s ]
INFO: [ app_begin ] --END-- [ RunTime:0.000415s ]
INFO: [ app_end ] --START--
INFO: Run Behavior\ShowPageTraceBehavior [ RunTime:0.000766s ]
INFO: [ app_end ] --END-- [ RunTime:0.000807s ]

[ 2017-12-09T17:39:00+08:00 ]  
INFO: [ app_init ] --START--
INFO: Run Behavior\BuildLiteBehavior [ RunTime:0.000019s ]
INFO: [ app_init ] --END-- [ RunTime:0.000357s ]
NOTIC: [8] Undefined index: REQUEST_METHOD /Library/WebServer/News/ThinkPHP/Library/Think/App.class.php 第 31 行.
NOTIC: [8] Undefined index: REQUEST_URI /Library/WebServer/News/ThinkPHP/Library/Think/Dispatcher.class.php 第 137 行.
NOTIC: [8] Use of undefined constant _PHP_FILE_ - assumed '_PHP_FILE_' /Library/WebServer/News/ThinkPHP/Library/Think/Dispatcher.class.php 第 191 行.
INFO: [ app_begin ] --START--
INFO: Run Behavior\ReadHtmlCacheBehavior [ RunTime:0.000537s ]
INFO: [ app_begin ] --END-- [ RunTime:0.000569s ]
SQL: SHOW COLUMNS FROM `cms_news` [ RunTime:0.0008s ]
SQL: SELECT * FROM `cms_news` WHERE `status` = 1  [ RunTime:0.0005s ]
SQL: SHOW COLUMNS FROM `cms_position_content` [ RunTime:0.0007s ]
SQL: SELECT * FROM `cms_position_content` WHERE `position_id` = 5  [ RunTime:0.0005s ]
INFO: [ view_parse ] --START--
INFO: [ template_filter ] --START--
NOTIC: [8] Use of undefined constant __ROOT__ - assumed '__ROOT__' /Library/WebServer/News/ThinkPHP/Library/Behavior/ContentReplaceBehavior.class.php 第 31 行.
NOTIC: [8] Use of undefined constant __ROOT__ - assumed '__ROOT__' /Library/WebServer/News/ThinkPHP/Library/Behavior/ContentReplaceBehavior.class.php 第 38 行.
INFO: Run Behavior\ContentReplaceBehavior [ RunTime:0.000048s ]
INFO: [ template_filter ] --END-- [ RunTime:0.000070s ]
NOTIC: [2] Declaration of Common\Model\MenuModel::find($id) should be compatible with Think\Model::find($options = Array) /Library/WebServer/News/Application/Common/Model/MenuModel.class.php 第 136 行.
SQL: SHOW COLUMNS FROM `cms_menu` [ RunTime:0.0006s ]
SQL: SELECT * FROM `cms_menu` WHERE `type` = 0 AND `status` = 1  [ RunTime:0.0003s ]
NOTIC: [8] Undefined variable: config /Library/WebServer/News/Application/Runtime/Cache/Home/5e33a1873ced8479494472158c6dc1a6.php 第 6 行.
NOTIC: [8] Undefined variable: config /Library/WebServer/News/Application/Runtime/Cache/Home/5e33a1873ced8479494472158c6dc1a6.php 第 7 行.
NOTIC: [8] Undefined variable: config /Library/WebServer/News/Application/Runtime/Cache/Home/5e33a1873ced8479494472158c6dc1a6.php 第 8 行.
NOTIC: [8] Undefined index: catId /Library/WebServer/News/Application/Runtime/Cache/Home/5e33a1873ced8479494472158c6dc1a6.php 第 22 行.
NOTIC: [8] Undefined index: catId /Library/WebServer/News/Application/Runtime/Cache/Home/5e33a1873ced8479494472158c6dc1a6.php 第 23 行.
NOTIC: [8] Undefined index: catId /Library/WebServer/News/Application/Runtime/Cache/Home/5e33a1873ced8479494472158c6dc1a6.php 第 23 行.
NOTIC: [8] Undefined index: catId /Library/WebServer/News/Application/Runtime/Cache/Home/5e33a1873ced8479494472158c6dc1a6.php 第 23 行.
NOTIC: [8] Undefined index: topPicNews /Library/WebServer/News/Application/Runtime/Cache/Home/5e33a1873ced8479494472158c6dc1a6.php 第 34 行.
NOTIC: [8] Undefined index: topPicNews /Library/WebServer/News/Application/Runtime/Cache/Home/5e33a1873ced8479494472158c6dc1a6.php 第 34 行.
NOTIC: [8] Undefined index: topPicNews /Library/WebServer/News/Application/Runtime/Cache/Home/5e33a1873ced8479494472158c6dc1a6.php 第 34 行.
NOTIC: [8] Undefined index: topPicNews /Library/WebServer/News/Application/Runtime/Cache/Home/5e33a1873ced8479494472158c6dc1a6.php 第 35 行.
NOTIC: [8] Undefined index: topPicNews /Library/WebServer/News/Application/Runtime/Cache/Home/5e33a1873ced8479494472158c6dc1a6.php 第 35 行.
NOTIC: [8] Undefined index: name /Library/WebServer/News/Application/Runtime/Cache/Home/5e33a1873ced8479494472158c6dc1a6.php 第 82 行.
NOTIC: [8] Undefined index: name /Library/WebServer/News/Application/Runtime/Cache/Home/5e33a1873ced8479494472158c6dc1a6.php 第 82 行.
INFO: Run Behavior\ParseTemplateBehavior [ RunTime:0.010143s ]
INFO: [ view_parse ] --END-- [ RunTime:0.010166s ]
INFO: [ view_filter ] --START--
INFO: Run Behavior\WriteHtmlCacheBehavior [ RunTime:0.000172s ]
INFO: [ view_filter ] --END-- [ RunTime:0.000187s ]
INFO: [ app_end ] --START--
INFO: Run Behavior\ShowPageTraceBehavior [ RunTime:0.000371s ]
INFO: [ app_end ] --END-- [ RunTime:0.000391s ]

[ 2017-12-09T17:40:00+08:00 ]  
INFO: [ app_init ] --START--
INFO: Run Behavior\BuildLiteBehavior [ RunTime:0.000012s ]
INFO: [ app_init ] --END-- [ RunTime:0.000231s ]
NOTIC: [8] Undefined index: REQUEST_METHOD /Library/WebServer/News/ThinkPHP/Library/Think/App.class.php 第 31 行.
NOTIC: [8] Undefined index: REQUEST_URI /Library/WebServer/News/ThinkPHP/Library/Think/Dispatcher.class.php 第 137 行.
NOTIC: [8] Use of undefined constant _PHP_FILE_ - assumed '_PHP_FILE_' /Library/WebServer/News/ThinkPHP/Library/Think/Dispatcher.class.php 第 191 行.
INFO: [ app_begin ] --START--
INFO: Run Behavior\ReadHtmlCacheBehavior [ RunTime:0.000254s ]
INFO: [ app_begin ] --END-- [ RunTime:0.000271s ]
SQL: SHOW COLUMNS FROM `cms_news` [ RunTime:0.0007s ]
SQL: SELECT * FROM `cms_news` WHERE `status` = 1  [ RunTime:0.0004s ]
SQL: SHOW COLUMNS FROM `cms_position_content` [ RunTime:0.0005s ]
SQL: SELECT * FROM `cms_position_content` WHERE `position_id` = 5  [ RunTime:0.0002s ]
INFO: [ view_parse ] --START--
INFO: [ template_filter ] --START--
NOTIC: [8] Use of undefined constant __ROOT__ - assumed '__ROOT__' /Library/WebServer/News/ThinkPHP/Library/Behavior/ContentReplaceBehavior.class.php 第 31 行.
NOTIC: [8] Use of undefined constant __ROOT__ - assumed '__ROOT__' /Library/WebServer/News/ThinkPHP/Library/Behavior/ContentReplaceBehavior.class.php 第 38 行.
INFO: Run Behavior\ContentReplaceBehavior [ RunTime:0.000046s ]
INFO: [ template_filter ] --END-- [ RunTime:0.000065s ]
NOTIC: [2] Declaration of Common\Model\MenuModel::find($id) should be compatible with Think\Model::find($options = Array) /Library/WebServer/News/Application/Common/Model/MenuModel.class.php 第 136 行.
SQL: SHOW COLUMNS FROM `cms_menu` [ RunTime:0.0006s ]
SQL: SELECT * FROM `cms_menu` WHERE `type` = 0 AND `status` = 1  [ RunTime:0.0003s ]
NOTIC: [8] Undefined variable: config /Library/WebServer/News/Application/Runtime/Cache/Home/5e33a1873ced8479494472158c6dc1a6.php 第 6 行.
NOTIC: [8] Undefined variable: config /Library/WebServer/News/Application/Runtime/Cache/Home/5e33a1873ced8479494472158c6dc1a6.php 第 7 行.
NOTIC: [8] Undefined variable: config /Library/WebServer/News/Application/Runtime/Cache/Home/5e33a1873ced8479494472158c6dc1a6.php 第 8 行.
NOTIC: [8] Undefined index: catId /Library/WebServer/News/Application/Runtime/Cache/Home/5e33a1873ced8479494472158c6dc1a6.php 第 22 行.
NOTIC: [8] Undefined index: catId /Library/WebServer/News/Application/Runtime/Cache/Home/5e33a1873ced8479494472158c6dc1a6.php 第 23 行.
NOTIC: [8] Undefined index: catId /Library/WebServer/News/Application/Runtime/Cache/Home/5e33a1873ced8479494472158c6dc1a6.php 第 23 行.
NOTIC: [8] Undefined index: catId /Library/WebServer/News/Application/Runtime/Cache/Home/5e33a1873ced8479494472158c6dc1a6.php 第 23 行.
NOTIC: [8] Undefined index: topPicNews /Library/WebServer/News/Application/Runtime/Cache/Home/5e33a1873ced8479494472158c6dc1a6.php 第 34 行.
NOTIC: [8] Undefined index: topPicNews /Library/WebServer/News/Application/Runtime/Cache/Home/5e33a1873ced8479494472158c6dc1a6.php 第 34 行.
NOTIC: [8] Undefined index: topPicNews /Library/WebServer/News/Application/Runtime/Cache/Home/5e33a1873ced8479494472158c6dc1a6.php 第 34 行.
NOTIC: [8] Undefined index: topPicNews /Library/WebServer/News/Application/Runtime/Cache/Home/5e33a1873ced8479494472158c6dc1a6.php 第 35 行.
NOTIC: [8] Undefined index: topPicNews /Library/WebServer/News/Application/Runtime/Cache/Home/5e33a1873ced8479494472158c6dc1a6.php 第 35 行.
NOTIC: [8] Undefined index: name /Library/WebServer/News/Application/Runtime/Cache/Home/5e33a1873ced8479494472158c6dc1a6.php 第 82 行.
NOTIC: [8] Undefined index: name /Library/WebServer/News/Application/Runtime/Cache/Home/5e33a1873ced8479494472158c6dc1a6.php 第 82 行.
INFO: Run Behavior\ParseTemplateBehavior [ RunTime:0.007999s ]
INFO: [ view_parse ] --END-- [ RunTime:0.008014s ]
INFO: [ view_filter ] --START--
INFO: Run Behavior\WriteHtmlCacheBehavior [ RunTime:0.000136s ]
INFO: [ view_filter ] --END-- [ RunTime:0.000150s ]
INFO: [ app_end ] --START--
INFO: Run Behavior\ShowPageTraceBehavior [ RunTime:0.000329s ]
INFO: [ app_end ] --END-- [ RunTime:0.000349s ]

[ 2017-12-09T17:40:00+08:00 ]  
INFO: [ app_init ] --START--
INFO: Run Behavior\BuildLiteBehavior [ RunTime:0.000017s ]
INFO: [ app_init ] --END-- [ RunTime:0.000249s ]
NOTIC: [8] Undefined index: REQUEST_METHOD /Library/WebServer/News/ThinkPHP/Library/Think/App.class.php 第 31 行.
NOTIC: [8] Undefined index: REQUEST_URI /Library/WebServer/News/ThinkPHP/Library/Think/Dispatcher.class.php 第 137 行.
NOTIC: [8] Use of undefined constant _PHP_FILE_ - assumed '_PHP_FILE_' /Library/WebServer/News/ThinkPHP/Library/Think/Dispatcher.class.php 第 191 行.
INFO: [ app_begin ] --START--
INFO: Run Behavior\ReadHtmlCacheBehavior [ RunTime:0.000264s ]
INFO: [ app_begin ] --END-- [ RunTime:0.000281s ]
INFO: [ app_end ] --START--
INFO: Run Behavior\ShowPageTraceBehavior [ RunTime:0.000791s ]
INFO: [ app_end ] --END-- [ RunTime:0.000838s ]

[ 2017-12-09T17:41:01+08:00 ]  
INFO: [ app_init ] --START--
INFO: Run Behavior\BuildLiteBehavior [ RunTime:0.000012s ]
INFO: [ app_init ] --END-- [ RunTime:0.000262s ]
NOTIC: [8] Undefined index: REQUEST_METHOD /Library/WebServer/News/ThinkPHP/Library/Think/App.class.php 第 31 行.
NOTIC: [8] Undefined index: REQUEST_URI /Library/WebServer/News/ThinkPHP/Library/Think/Dispatcher.class.php 第 137 行.
NOTIC: [8] Use of undefined constant _PHP_FILE_ - assumed '_PHP_FILE_' /Library/WebServer/News/ThinkPHP/Library/Think/Dispatcher.class.php 第 191 行.
INFO: [ app_begin ] --START--
INFO: Run Behavior\ReadHtmlCacheBehavior [ RunTime:0.000300s ]
INFO: [ app_begin ] --END-- [ RunTime:0.000319s ]
INFO: [ app_end ] --START--
INFO: Run Behavior\ShowPageTraceBehavior [ RunTime:0.000719s ]
INFO: [ app_end ] --END-- [ RunTime:0.001142s ]

[ 2017-12-09T17:41:01+08:00 ]  
INFO: [ app_init ] --START--
INFO: Run Behavior\BuildLiteBehavior [ RunTime:0.000012s ]
INFO: [ app_init ] --END-- [ RunTime:0.000243s ]
NOTIC: [8] Undefined index: REQUEST_METHOD /Library/WebServer/News/ThinkPHP/Library/Think/App.class.php 第 31 行.
NOTIC: [8] Undefined index: REQUEST_URI /Library/WebServer/News/ThinkPHP/Library/Think/Dispatcher.class.php 第 137 行.
NOTIC: [8] Use of undefined constant _PHP_FILE_ - assumed '_PHP_FILE_' /Library/WebServer/News/ThinkPHP/Library/Think/Dispatcher.class.php 第 191 行.
INFO: [ app_begin ] --START--
INFO: Run Behavior\ReadHtmlCacheBehavior [ RunTime:0.000284s ]
INFO: [ app_begin ] --END-- [ RunTime:0.000302s ]
SQL: SHOW COLUMNS FROM `cms_news` [ RunTime:0.0006s ]
SQL: SELECT * FROM `cms_news` WHERE `status` = 1  [ RunTime:0.0004s ]
SQL: SHOW COLUMNS FROM `cms_position_content` [ RunTime:0.0005s ]
SQL: SELECT * FROM `cms_position_content` WHERE `position_id` = 5  [ RunTime:0.0003s ]
INFO: [ view_parse ] --START--
INFO: [ template_filter ] --START--
NOTIC: [8] Use of undefined constant __ROOT__ - assumed '__ROOT__' /Library/WebServer/News/ThinkPHP/Library/Behavior/ContentReplaceBehavior.class.php 第 31 行.
NOTIC: [8] Use of undefined constant __ROOT__ - assumed '__ROOT__' /Library/WebServer/News/ThinkPHP/Library/Behavior/ContentReplaceBehavior.class.php 第 38 行.
INFO: Run Behavior\ContentReplaceBehavior [ RunTime:0.000064s ]
INFO: [ template_filter ] --END-- [ RunTime:0.000094s ]
NOTIC: [2] Declaration of Common\Model\MenuModel::find($id) should be compatible with Think\Model::find($options = Array) /Library/WebServer/News/Application/Common/Model/MenuModel.class.php 第 136 行.
SQL: SHOW COLUMNS FROM `cms_menu` [ RunTime:0.0008s ]
SQL: SELECT * FROM `cms_menu` WHERE `type` = 0 AND `status` = 1  [ RunTime:0.0003s ]
NOTIC: [8] Undefined variable: config /Library/WebServer/News/Application/Runtime/Cache/Home/5e33a1873ced8479494472158c6dc1a6.php 第 6 行.
NOTIC: [8] Undefined variable: config /Library/WebServer/News/Application/Runtime/Cache/Home/5e33a1873ced8479494472158c6dc1a6.php 第 7 行.
NOTIC: [8] Undefined variable: config /Library/WebServer/News/Application/Runtime/Cache/Home/5e33a1873ced8479494472158c6dc1a6.php 第 8 行.
NOTIC: [8] Undefined index: catId /Library/WebServer/News/Application/Runtime/Cache/Home/5e33a1873ced8479494472158c6dc1a6.php 第 22 行.
NOTIC: [8] Undefined index: catId /Library/WebServer/News/Application/Runtime/Cache/Home/5e33a1873ced8479494472158c6dc1a6.php 第 23 行.
NOTIC: [8] Undefined index: catId /Library/WebServer/News/Application/Runtime/Cache/Home/5e33a1873ced8479494472158c6dc1a6.php 第 23 行.
NOTIC: [8] Undefined index: catId /Library/WebServer/News/Application/Runtime/Cache/Home/5e33a1873ced8479494472158c6dc1a6.php 第 23 行.
NOTIC: [8] Undefined index: topPicNews /Library/WebServer/News/Application/Runtime/Cache/Home/5e33a1873ced8479494472158c6dc1a6.php 第 34 行.
NOTIC: [8] Undefined index: topPicNews /Library/WebServer/News/Application/Runtime/Cache/Home/5e33a1873ced8479494472158c6dc1a6.php 第 34 行.
NOTIC: [8] Undefined index: topPicNews /Library/WebServer/News/Application/Runtime/Cache/Home/5e33a1873ced8479494472158c6dc1a6.php 第 34 行.
NOTIC: [8] Undefined index: topPicNews /Library/WebServer/News/Application/Runtime/Cache/Home/5e33a1873ced8479494472158c6dc1a6.php 第 35 行.
NOTIC: [8] Undefined index: topPicNews /Library/WebServer/News/Application/Runtime/Cache/Home/5e33a1873ced8479494472158c6dc1a6.php 第 35 行.
NOTIC: [8] Undefined index: name /Library/WebServer/News/Application/Runtime/Cache/Home/5e33a1873ced8479494472158c6dc1a6.php 第 82 行.
NOTIC: [8] Undefined index: name /Library/WebServer/News/Application/Runtime/Cache/Home/5e33a1873ced8479494472158c6dc1a6.php 第 82 行.
INFO: Run Behavior\ParseTemplateBehavior [ RunTime:0.012865s ]
INFO: [ view_parse ] --END-- [ RunTime:0.012886s ]
INFO: [ view_filter ] --START--
INFO: Run Behavior\WriteHtmlCacheBehavior [ RunTime:0.000212s ]
INFO: [ view_filter ] --END-- [ RunTime:0.000233s ]
INFO: [ app_end ] --START--
INFO: Run Behavior\ShowPageTraceBehavior [ RunTime:0.000532s ]
INFO: [ app_end ] --END-- [ RunTime:0.000566s ]

[ 2017-12-09T17:42:00+08:00 ]  
INFO: [ app_init ] --START--
INFO: Run Behavior\BuildLiteBehavior [ RunTime:0.000015s ]
INFO: [ app_init ] --END-- [ RunTime:0.000346s ]
NOTIC: [8] Undefined index: REQUEST_METHOD /Library/WebServer/News/ThinkPHP/Library/Think/App.class.php 第 31 行.
NOTIC: [8] Undefined index: REQUEST_URI /Library/WebServer/News/ThinkPHP/Library/Think/Dispatcher.class.php 第 137 行.
NOTIC: [8] Use of undefined constant _PHP_FILE_ - assumed '_PHP_FILE_' /Library/WebServer/News/ThinkPHP/Library/Think/Dispatcher.class.php 第 191 行.
INFO: [ app_begin ] --START--
INFO: Run Behavior\ReadHtmlCacheBehavior [ RunTime:0.000396s ]
INFO: [ app_begin ] --END-- [ RunTime:0.000421s ]
INFO: [ app_end ] --START--
INFO: Run Behavior\ShowPageTraceBehavior [ RunTime:0.000897s ]
INFO: [ app_end ] --END-- [ RunTime:0.000946s ]

[ 2017-12-09T17:42:00+08:00 ]  
INFO: [ app_init ] --START--
INFO: Run Behavior\BuildLiteBehavior [ RunTime:0.000021s ]
INFO: [ app_init ] --END-- [ RunTime:0.000478s ]
NOTIC: [8] Undefined index: REQUEST_METHOD /Library/WebServer/News/ThinkPHP/Library/Think/App.class.php 第 31 行.
NOTIC: [8] Undefined index: REQUEST_URI /Library/WebServer/News/ThinkPHP/Library/Think/Dispatcher.class.php 第 137 行.
NOTIC: [8] Use of undefined constant _PHP_FILE_ - assumed '_PHP_FILE_' /Library/WebServer/News/ThinkPHP/Library/Think/Dispatcher.class.php 第 191 行.
INFO: [ app_begin ] --START--
INFO: Run Behavior\ReadHtmlCacheBehavior [ RunTime:0.000429s ]
INFO: [ app_begin ] --END-- [ RunTime:0.000458s ]
SQL: SHOW COLUMNS FROM `cms_news` [ RunTime:0.0008s ]
SQL: SELECT * FROM `cms_news` WHERE `status` = 1  [ RunTime:0.0009s ]
SQL: SHOW COLUMNS FROM `cms_position_content` [ RunTime:0.0006s ]
SQL: SELECT * FROM `cms_position_content` WHERE `position_id` = 5  [ RunTime:0.0004s ]
INFO: [ view_parse ] --START--
INFO: [ template_filter ] --START--
NOTIC: [8] Use of undefined constant __ROOT__ - assumed '__ROOT__' /Library/WebServer/News/ThinkPHP/Library/Behavior/ContentReplaceBehavior.class.php 第 31 行.
NOTIC: [8] Use of undefined constant __ROOT__ - assumed '__ROOT__' /Library/WebServer/News/ThinkPHP/Library/Behavior/ContentReplaceBehavior.class.php 第 38 行.
INFO: Run Behavior\ContentReplaceBehavior [ RunTime:0.000066s ]
INFO: [ template_filter ] --END-- [ RunTime:0.000096s ]
NOTIC: [2] Declaration of Common\Model\MenuModel::find($id) should be compatible with Think\Model::find($options = Array) /Library/WebServer/News/Application/Common/Model/MenuModel.class.php 第 136 行.
SQL: SHOW COLUMNS FROM `cms_menu` [ RunTime:0.0007s ]
SQL: SELECT * FROM `cms_menu` WHERE `type` = 0 AND `status` = 1  [ RunTime:0.0003s ]
NOTIC: [8] Undefined variable: config /Library/WebServer/News/Application/Runtime/Cache/Home/5e33a1873ced8479494472158c6dc1a6.php 第 6 行.
NOTIC: [8] Undefined variable: config /Library/WebServer/News/Application/Runtime/Cache/Home/5e33a1873ced8479494472158c6dc1a6.php 第 7 行.
NOTIC: [8] Undefined variable: config /Library/WebServer/News/Application/Runtime/Cache/Home/5e33a1873ced8479494472158c6dc1a6.php 第 8 行.
NOTIC: [8] Undefined index: catId /Library/WebServer/News/Application/Runtime/Cache/Home/5e33a1873ced8479494472158c6dc1a6.php 第 22 行.
NOTIC: [8] Undefined index: catId /Library/WebServer/News/Application/Runtime/Cache/Home/5e33a1873ced8479494472158c6dc1a6.php 第 23 行.
NOTIC: [8] Undefined index: catId /Library/WebServer/News/Application/Runtime/Cache/Home/5e33a1873ced8479494472158c6dc1a6.php 第 23 行.
NOTIC: [8] Undefined index: catId /Library/WebServer/News/Application/Runtime/Cache/Home/5e33a1873ced8479494472158c6dc1a6.php 第 23 行.
NOTIC: [8] Undefined index: topPicNews /Library/WebServer/News/Application/Runtime/Cache/Home/5e33a1873ced8479494472158c6dc1a6.php 第 34 行.
NOTIC: [8] Undefined index: topPicNews /Library/WebServer/News/Application/Runtime/Cache/Home/5e33a1873ced8479494472158c6dc1a6.php 第 34 行.
NOTIC: [8] Undefined index: topPicNews /Library/WebServer/News/Application/Runtime/Cache/Home/5e33a1873ced8479494472158c6dc1a6.php 第 34 行.
NOTIC: [8] Undefined index: topPicNews /Library/WebServer/News/Application/Runtime/Cache/Home/5e33a1873ced8479494472158c6dc1a6.php 第 35 行.
NOTIC: [8] Undefined index: topPicNews /Library/WebServer/News/Application/Runtime/Cache/Home/5e33a1873ced8479494472158c6dc1a6.php 第 35 行.
NOTIC: [8] Undefined index: name /Library/WebServer/News/Application/Runtime/Cache/Home/5e33a1873ced8479494472158c6dc1a6.php 第 82 行.
NOTIC: [8] Undefined index: name /Library/WebServer/News/Application/Runtime/Cache/Home/5e33a1873ced8479494472158c6dc1a6.php 第 82 行.
INFO: Run Behavior\ParseTemplateBehavior [ RunTime:0.013493s ]
INFO: [ view_parse ] --END-- [ RunTime:0.013518s ]
INFO: [ view_filter ] --START--
INFO: Run Behavior\WriteHtmlCacheBehavior [ RunTime:0.000224s ]
INFO: [ view_filter ] --END-- [ RunTime:0.000245s ]
INFO: [ app_end ] --START--
INFO: Run Behavior\ShowPageTraceBehavior [ RunTime:0.000543s ]
INFO: [ app_end ] --END-- [ RunTime:0.000573s ]

[ 2017-12-09T17:43:01+08:00 ]  
INFO: [ app_init ] --START--
INFO: Run Behavior\BuildLiteBehavior [ RunTime:0.000013s ]
INFO: [ app_init ] --END-- [ RunTime:0.000241s ]
NOTIC: [8] Undefined index: REQUEST_METHOD /Library/WebServer/News/ThinkPHP/Library/Think/App.class.php 第 31 行.
NOTIC: [8] Undefined index: REQUEST_URI /Library/WebServer/News/ThinkPHP/Library/Think/Dispatcher.class.php 第 137 行.
NOTIC: [8] Use of undefined constant _PHP_FILE_ - assumed '_PHP_FILE_' /Library/WebServer/News/ThinkPHP/Library/Think/Dispatcher.class.php 第 191 行.
INFO: [ app_begin ] --START--
INFO: Run Behavior\ReadHtmlCacheBehavior [ RunTime:0.000304s ]
INFO: [ app_begin ] --END-- [ RunTime:0.000322s ]
SQL: SHOW COLUMNS FROM `cms_news` [ RunTime:0.0007s ]
SQL: SELECT * FROM `cms_news` WHERE `status` = 1  [ RunTime:0.0004s ]
SQL: SHOW COLUMNS FROM `cms_position_content` [ RunTime:0.0005s ]
SQL: SELECT * FROM `cms_position_content` WHERE `position_id` = 5  [ RunTime:0.0003s ]
INFO: [ view_parse ] --START--
INFO: [ template_filter ] --START--
NOTIC: [8] Use of undefined constant __ROOT__ - assumed '__ROOT__' /Library/WebServer/News/ThinkPHP/Library/Behavior/ContentReplaceBehavior.class.php 第 31 行.
NOTIC: [8] Use of undefined constant __ROOT__ - assumed '__ROOT__' /Library/WebServer/News/ThinkPHP/Library/Behavior/ContentReplaceBehavior.class.php 第 38 行.
INFO: Run Behavior\ContentReplaceBehavior [ RunTime:0.000058s ]
INFO: [ template_filter ] --END-- [ RunTime:0.000083s ]
NOTIC: [2] Declaration of Common\Model\MenuModel::find($id) should be compatible with Think\Model::find($options = Array) /Library/WebServer/News/Application/Common/Model/MenuModel.class.php 第 136 行.
SQL: SHOW COLUMNS FROM `cms_menu` [ RunTime:0.0006s ]
SQL: SELECT * FROM `cms_menu` WHERE `type` = 0 AND `status` = 1  [ RunTime:0.0003s ]
NOTIC: [8] Undefined variable: config /Library/WebServer/News/Application/Runtime/Cache/Home/5e33a1873ced8479494472158c6dc1a6.php 第 6 行.
NOTIC: [8] Undefined variable: config /Library/WebServer/News/Application/Runtime/Cache/Home/5e33a1873ced8479494472158c6dc1a6.php 第 7 行.
NOTIC: [8] Undefined variable: config /Library/WebServer/News/Application/Runtime/Cache/Home/5e33a1873ced8479494472158c6dc1a6.php 第 8 行.
NOTIC: [8] Undefined index: catId /Library/WebServer/News/Application/Runtime/Cache/Home/5e33a1873ced8479494472158c6dc1a6.php 第 22 行.
NOTIC: [8] Undefined index: catId /Library/WebServer/News/Application/Runtime/Cache/Home/5e33a1873ced8479494472158c6dc1a6.php 第 23 行.
NOTIC: [8] Undefined index: catId /Library/WebServer/News/Application/Runtime/Cache/Home/5e33a1873ced8479494472158c6dc1a6.php 第 23 行.
NOTIC: [8] Undefined index: catId /Library/WebServer/News/Application/Runtime/Cache/Home/5e33a1873ced8479494472158c6dc1a6.php 第 23 行.
NOTIC: [8] Undefined index: topPicNews /Library/WebServer/News/Application/Runtime/Cache/Home/5e33a1873ced8479494472158c6dc1a6.php 第 34 行.
NOTIC: [8] Undefined index: topPicNews /Library/WebServer/News/Application/Runtime/Cache/Home/5e33a1873ced8479494472158c6dc1a6.php 第 34 行.
NOTIC: [8] Undefined index: topPicNews /Library/WebServer/News/Application/Runtime/Cache/Home/5e33a1873ced8479494472158c6dc1a6.php 第 34 行.
NOTIC: [8] Undefined index: topPicNews /Library/WebServer/News/Application/Runtime/Cache/Home/5e33a1873ced8479494472158c6dc1a6.php 第 35 行.
NOTIC: [8] Undefined index: topPicNews /Library/WebServer/News/Application/Runtime/Cache/Home/5e33a1873ced8479494472158c6dc1a6.php 第 35 行.
NOTIC: [8] Undefined index: name /Library/WebServer/News/Application/Runtime/Cache/Home/5e33a1873ced8479494472158c6dc1a6.php 第 82 行.
NOTIC: [8] Undefined index: name /Library/WebServer/News/Application/Runtime/Cache/Home/5e33a1873ced8479494472158c6dc1a6.php 第 82 行.
INFO: Run Behavior\ParseTemplateBehavior [ RunTime:0.010994s ]
INFO: [ view_parse ] --END-- [ RunTime:0.011009s ]
INFO: [ view_filter ] --START--
INFO: Run Behavior\WriteHtmlCacheBehavior [ RunTime:0.000155s ]
INFO: [ view_filter ] --END-- [ RunTime:0.000167s ]
INFO: [ app_end ] --START--
INFO: Run Behavior\ShowPageTraceBehavior [ RunTime:0.000343s ]
INFO: [ app_end ] --END-- [ RunTime:0.000364s ]

[ 2017-12-09T17:43:01+08:00 ]  
INFO: [ app_init ] --START--
INFO: Run Behavior\BuildLiteBehavior [ RunTime:0.000012s ]
INFO: [ app_init ] --END-- [ RunTime:0.000238s ]
NOTIC: [8] Undefined index: REQUEST_METHOD /Library/WebServer/News/ThinkPHP/Library/Think/App.class.php 第 31 行.
NOTIC: [8] Undefined index: REQUEST_URI /Library/WebServer/News/ThinkPHP/Library/Think/Dispatcher.class.php 第 137 行.
NOTIC: [8] Use of undefined constant _PHP_FILE_ - assumed '_PHP_FILE_' /Library/WebServer/News/ThinkPHP/Library/Think/Dispatcher.class.php 第 191 行.
INFO: [ app_begin ] --START--
INFO: Run Behavior\ReadHtmlCacheBehavior [ RunTime:0.000264s ]
INFO: [ app_begin ] --END-- [ RunTime:0.000281s ]
INFO: [ app_end ] --START--
INFO: Run Behavior\ShowPageTraceBehavior [ RunTime:0.000765s ]
INFO: [ app_end ] --END-- [ RunTime:0.000824s ]

[ 2017-12-09T17:44:00+08:00 ]  
INFO: [ app_init ] --START--
INFO: Run Behavior\BuildLiteBehavior [ RunTime:0.000012s ]
INFO: [ app_init ] --END-- [ RunTime:0.000244s ]
NOTIC: [8] Undefined index: REQUEST_METHOD /Library/WebServer/News/ThinkPHP/Library/Think/App.class.php 第 31 行.
NOTIC: [8] Undefined index: REQUEST_URI /Library/WebServer/News/ThinkPHP/Library/Think/Dispatcher.class.php 第 137 行.
NOTIC: [8] Use of undefined constant _PHP_FILE_ - assumed '_PHP_FILE_' /Library/WebServer/News/ThinkPHP/Library/Think/Dispatcher.class.php 第 191 行.
INFO: [ app_begin ] --START--
INFO: Run Behavior\ReadHtmlCacheBehavior [ RunTime:0.000262s ]
INFO: [ app_begin ] --END-- [ RunTime:0.000279s ]
INFO: [ app_end ] --START--
INFO: Run Behavior\ShowPageTraceBehavior [ RunTime:0.001040s ]
INFO: [ app_end ] --END-- [ RunTime:0.001087s ]

[ 2017-12-09T17:44:00+08:00 ]  
INFO: [ app_init ] --START--
INFO: Run Behavior\BuildLiteBehavior [ RunTime:0.000012s ]
INFO: [ app_init ] --END-- [ RunTime:0.000241s ]
NOTIC: [8] Undefined index: REQUEST_METHOD /Library/WebServer/News/ThinkPHP/Library/Think/App.class.php 第 31 行.
NOTIC: [8] Undefined index: REQUEST_URI /Library/WebServer/News/ThinkPHP/Library/Think/Dispatcher.class.php 第 137 行.
NOTIC: [8] Use of undefined constant _PHP_FILE_ - assumed '_PHP_FILE_' /Library/WebServer/News/ThinkPHP/Library/Think/Dispatcher.class.php 第 191 行.
INFO: [ app_begin ] --START--
INFO: Run Behavior\ReadHtmlCacheBehavior [ RunTime:0.000262s ]
INFO: [ app_begin ] --END-- [ RunTime:0.000280s ]
SQL: SHOW COLUMNS FROM `cms_news` [ RunTime:0.0007s ]
SQL: SELECT * FROM `cms_news` WHERE `status` = 1  [ RunTime:0.0003s ]
SQL: SHOW COLUMNS FROM `cms_position_content` [ RunTime:0.0005s ]
SQL: SELECT * FROM `cms_position_content` WHERE `position_id` = 5  [ RunTime:0.0003s ]
INFO: [ view_parse ] --START--
INFO: [ template_filter ] --START--
NOTIC: [8] Use of undefined constant __ROOT__ - assumed '__ROOT__' /Library/WebServer/News/ThinkPHP/Library/Behavior/ContentReplaceBehavior.class.php 第 31 行.
NOTIC: [8] Use of undefined constant __ROOT__ - assumed '__ROOT__' /Library/WebServer/News/ThinkPHP/Library/Behavior/ContentReplaceBehavior.class.php 第 38 行.
INFO: Run Behavior\ContentReplaceBehavior [ RunTime:0.000043s ]
INFO: [ template_filter ] --END-- [ RunTime:0.000064s ]
NOTIC: [2] Declaration of Common\Model\MenuModel::find($id) should be compatible with Think\Model::find($options = Array) /Library/WebServer/News/Application/Common/Model/MenuModel.class.php 第 136 行.
SQL: SHOW COLUMNS FROM `cms_menu` [ RunTime:0.0007s ]
SQL: SELECT * FROM `cms_menu` WHERE `type` = 0 AND `status` = 1  [ RunTime:0.0003s ]
NOTIC: [8] Undefined variable: config /Library/WebServer/News/Application/Runtime/Cache/Home/5e33a1873ced8479494472158c6dc1a6.php 第 6 行.
NOTIC: [8] Undefined variable: config /Library/WebServer/News/Application/Runtime/Cache/Home/5e33a1873ced8479494472158c6dc1a6.php 第 7 行.
NOTIC: [8] Undefined variable: config /Library/WebServer/News/Application/Runtime/Cache/Home/5e33a1873ced8479494472158c6dc1a6.php 第 8 行.
NOTIC: [8] Undefined index: catId /Library/WebServer/News/Application/Runtime/Cache/Home/5e33a1873ced8479494472158c6dc1a6.php 第 22 行.
NOTIC: [8] Undefined index: catId /Library/WebServer/News/Application/Runtime/Cache/Home/5e33a1873ced8479494472158c6dc1a6.php 第 23 行.
NOTIC: [8] Undefined index: catId /Library/WebServer/News/Application/Runtime/Cache/Home/5e33a1873ced8479494472158c6dc1a6.php 第 23 行.
NOTIC: [8] Undefined index: catId /Library/WebServer/News/Application/Runtime/Cache/Home/5e33a1873ced8479494472158c6dc1a6.php 第 23 行.
NOTIC: [8] Undefined index: topPicNews /Library/WebServer/News/Application/Runtime/Cache/Home/5e33a1873ced8479494472158c6dc1a6.php 第 34 行.
NOTIC: [8] Undefined index: topPicNews /Library/WebServer/News/Application/Runtime/Cache/Home/5e33a1873ced8479494472158c6dc1a6.php 第 34 行.
NOTIC: [8] Undefined index: topPicNews /Library/WebServer/News/Application/Runtime/Cache/Home/5e33a1873ced8479494472158c6dc1a6.php 第 34 行.
NOTIC: [8] Undefined index: topPicNews /Library/WebServer/News/Application/Runtime/Cache/Home/5e33a1873ced8479494472158c6dc1a6.php 第 35 行.
NOTIC: [8] Undefined index: topPicNews /Library/WebServer/News/Application/Runtime/Cache/Home/5e33a1873ced8479494472158c6dc1a6.php 第 35 行.
NOTIC: [8] Undefined index: name /Library/WebServer/News/Application/Runtime/Cache/Home/5e33a1873ced8479494472158c6dc1a6.php 第 82 行.
NOTIC: [8] Undefined index: name /Library/WebServer/News/Application/Runtime/Cache/Home/5e33a1873ced8479494472158c6dc1a6.php 第 82 行.
INFO: Run Behavior\ParseTemplateBehavior [ RunTime:0.008059s ]
INFO: [ view_parse ] --END-- [ RunTime:0.008076s ]
INFO: [ view_filter ] --START--
INFO: Run Behavior\WriteHtmlCacheBehavior [ RunTime:0.000192s ]
INFO: [ view_filter ] --END-- [ RunTime:0.000206s ]
INFO: [ app_end ] --START--
INFO: Run Behavior\ShowPageTraceBehavior [ RunTime:0.000355s ]
INFO: [ app_end ] --END-- [ RunTime:0.000374s ]

[ 2017-12-09T17:45:00+08:00 ]  
INFO: [ app_init ] --START--
INFO: Run Behavior\BuildLiteBehavior [ RunTime:0.000016s ]
INFO: [ app_init ] --END-- [ RunTime:0.000353s ]
NOTIC: [8] Undefined index: REQUEST_METHOD /Library/WebServer/News/ThinkPHP/Library/Think/App.class.php 第 31 行.
NOTIC: [8] Undefined index: REQUEST_URI /Library/WebServer/News/ThinkPHP/Library/Think/Dispatcher.class.php 第 137 行.
NOTIC: [8] Use of undefined constant _PHP_FILE_ - assumed '_PHP_FILE_' /Library/WebServer/News/ThinkPHP/Library/Think/Dispatcher.class.php 第 191 行.
INFO: [ app_begin ] --START--
INFO: Run Behavior\ReadHtmlCacheBehavior [ RunTime:0.000398s ]
INFO: [ app_begin ] --END-- [ RunTime:0.000422s ]
INFO: [ app_end ] --START--
INFO: Run Behavior\ShowPageTraceBehavior [ RunTime:0.000909s ]
INFO: [ app_end ] --END-- [ RunTime:0.000982s ]

[ 2017-12-09T17:45:00+08:00 ]  
INFO: [ app_init ] --START--
INFO: Run Behavior\BuildLiteBehavior [ RunTime:0.000014s ]
INFO: [ app_init ] --END-- [ RunTime:0.000270s ]
NOTIC: [8] Undefined index: REQUEST_METHOD /Library/WebServer/News/ThinkPHP/Library/Think/App.class.php 第 31 行.
NOTIC: [8] Undefined index: REQUEST_URI /Library/WebServer/News/ThinkPHP/Library/Think/Dispatcher.class.php 第 137 行.
NOTIC: [8] Use of undefined constant _PHP_FILE_ - assumed '_PHP_FILE_' /Library/WebServer/News/ThinkPHP/Library/Think/Dispatcher.class.php 第 191 行.
INFO: [ app_begin ] --START--
INFO: Run Behavior\ReadHtmlCacheBehavior [ RunTime:0.000304s ]
INFO: [ app_begin ] --END-- [ RunTime:0.000323s ]
SQL: SHOW COLUMNS FROM `cms_news` [ RunTime:0.0006s ]
SQL: SELECT * FROM `cms_news` WHERE `status` = 1  [ RunTime:0.0007s ]
SQL: SHOW COLUMNS FROM `cms_position_content` [ RunTime:0.0007s ]
SQL: SELECT * FROM `cms_position_content` WHERE `position_id` = 5  [ RunTime:0.0004s ]
INFO: [ view_parse ] --START--
INFO: [ template_filter ] --START--
NOTIC: [8] Use of undefined constant __ROOT__ - assumed '__ROOT__' /Library/WebServer/News/ThinkPHP/Library/Behavior/ContentReplaceBehavior.class.php 第 31 行.
NOTIC: [8] Use of undefined constant __ROOT__ - assumed '__ROOT__' /Library/WebServer/News/ThinkPHP/Library/Behavior/ContentReplaceBehavior.class.php 第 38 行.
INFO: Run Behavior\ContentReplaceBehavior [ RunTime:0.000061s ]
INFO: [ template_filter ] --END-- [ RunTime:0.000090s ]
NOTIC: [2] Declaration of Common\Model\MenuModel::find($id) should be compatible with Think\Model::find($options = Array) /Library/WebServer/News/Application/Common/Model/MenuModel.class.php 第 136 行.
SQL: SHOW COLUMNS FROM `cms_menu` [ RunTime:0.0005s ]
SQL: SELECT * FROM `cms_menu` WHERE `type` = 0 AND `status` = 1  [ RunTime:0.0003s ]
NOTIC: [8] Undefined variable: config /Library/WebServer/News/Application/Runtime/Cache/Home/5e33a1873ced8479494472158c6dc1a6.php 第 6 行.
NOTIC: [8] Undefined variable: config /Library/WebServer/News/Application/Runtime/Cache/Home/5e33a1873ced8479494472158c6dc1a6.php 第 7 行.
NOTIC: [8] Undefined variable: config /Library/WebServer/News/Application/Runtime/Cache/Home/5e33a1873ced8479494472158c6dc1a6.php 第 8 行.
NOTIC: [8] Undefined index: catId /Library/WebServer/News/Application/Runtime/Cache/Home/5e33a1873ced8479494472158c6dc1a6.php 第 22 行.
NOTIC: [8] Undefined index: catId /Library/WebServer/News/Application/Runtime/Cache/Home/5e33a1873ced8479494472158c6dc1a6.php 第 23 行.
NOTIC: [8] Undefined index: catId /Library/WebServer/News/Application/Runtime/Cache/Home/5e33a1873ced8479494472158c6dc1a6.php 第 23 行.
NOTIC: [8] Undefined index: catId /Library/WebServer/News/Application/Runtime/Cache/Home/5e33a1873ced8479494472158c6dc1a6.php 第 23 行.
NOTIC: [8] Undefined index: topPicNews /Library/WebServer/News/Application/Runtime/Cache/Home/5e33a1873ced8479494472158c6dc1a6.php 第 34 行.
NOTIC: [8] Undefined index: topPicNews /Library/WebServer/News/Application/Runtime/Cache/Home/5e33a1873ced8479494472158c6dc1a6.php 第 34 行.
NOTIC: [8] Undefined index: topPicNews /Library/WebServer/News/Application/Runtime/Cache/Home/5e33a1873ced8479494472158c6dc1a6.php 第 34 行.
NOTIC: [8] Undefined index: topPicNews /Library/WebServer/News/Application/Runtime/Cache/Home/5e33a1873ced8479494472158c6dc1a6.php 第 35 行.
NOTIC: [8] Undefined index: topPicNews /Library/WebServer/News/Application/Runtime/Cache/Home/5e33a1873ced8479494472158c6dc1a6.php 第 35 行.
NOTIC: [8] Undefined index: name /Library/WebServer/News/Application/Runtime/Cache/Home/5e33a1873ced8479494472158c6dc1a6.php 第 82 行.
NOTIC: [8] Undefined index: name /Library/WebServer/News/Application/Runtime/Cache/Home/5e33a1873ced8479494472158c6dc1a6.php 第 82 行.
INFO: Run Behavior\ParseTemplateBehavior [ RunTime:0.017363s ]
INFO: [ view_parse ] --END-- [ RunTime:0.017390s ]
INFO: [ view_filter ] --START--
INFO: Run Behavior\WriteHtmlCacheBehavior [ RunTime:0.000209s ]
INFO: [ view_filter ] --END-- [ RunTime:0.000228s ]
INFO: [ app_end ] --START--
INFO: Run Behavior\ShowPageTraceBehavior [ RunTime:0.000568s ]
INFO: [ app_end ] --END-- [ RunTime:0.000609s ]

