[ 2017-11-04T09:04:51+08:00 ] 127.0.0.1 /admin.php?c=menu&a=index
INFO: [ app_init ] --START--
INFO: Run Behavior\BuildLiteBehavior [ RunTime:0.000079s ]
INFO: [ app_init ] --END-- [ RunTime:0.002533s ]
INFO: [ app_begin ] --START--
INFO: Run Behavior\ReadHtmlCacheBehavior [ RunTime:0.000592s ]
INFO: [ app_begin ] --END-- [ RunTime:0.000721s ]
NOTIC: [2048] Declaration of Common\Model\MenuModel::find() should be compatible with Think\Model::find($options = Array) /Library/WebServer/News/Application/Common/Model/MenuModel.class.php 第 14 行.
SQL: SHOW COLUMNS FROM `cms_menu` [ RunTime:0.0017s ]
NOTIC: [8] Undefined index: type /Library/WebServer/News/Application/admin/Controller/MenuController.class.php 第 38 行.
SQL: SELECT COUNT(*) AS tp_count FROM `cms_menu` WHERE `status` <> -1 AND `type` = null LIMIT 1   [ RunTime:0.0017s ]
NOTIC: [8] Undefined index: type /Library/WebServer/News/Application/admin/Controller/MenuController.class.php 第 42 行.
SQL: SELECT * FROM `cms_menu` WHERE `status` <> -1 AND `type` = null ORDER BY listorder desc LIMIT 0,3   [ RunTime:0.0005s ]
INFO: [ view_parse ] --START--
INFO: [ template_filter ] --START--
INFO: Run Behavior\ContentReplaceBehavior [ RunTime:0.000088s ]
INFO: [ template_filter ] --END-- [ RunTime:0.000125s ]
SQL: SELECT * FROM `cms_menu` WHERE `status` <> -1 AND `type` = 1 ORDER BY listorder desc  [ RunTime:0.0007s ]
NOTIC: [8] Undefined variable: nav /Library/WebServer/News/Application/Runtime/Cache/admin/cd84a7df4805834127cd8f9ab7b5847f.php 第 104 行.
NOTIC: [8] Undefined variable: boo /Library/WebServer/News/Application/Runtime/Cache/admin/cd84a7df4805834127cd8f9ab7b5847f.php 第 182 行.
INFO: Run Behavior\ParseTemplateBehavior [ RunTime:0.034270s ]
INFO: [ view_parse ] --END-- [ RunTime:0.034309s ]
INFO: [ view_filter ] --START--
INFO: Run Behavior\WriteHtmlCacheBehavior [ RunTime:0.005965s ]
INFO: [ view_filter ] --END-- [ RunTime:0.006008s ]
INFO: [ app_end ] --START--
INFO: Run Behavior\ShowPageTraceBehavior [ RunTime:0.000510s ]
INFO: [ app_end ] --END-- [ RunTime:0.000549s ]

[ 2017-11-04T09:52:37+08:00 ] 127.0.0.1 /admin.php
INFO: [ app_init ] --START--
INFO: Run Behavior\BuildLiteBehavior [ RunTime:0.000052s ]
INFO: [ app_init ] --END-- [ RunTime:0.000835s ]
INFO: [ app_begin ] --START--
INFO: Run Behavior\ReadHtmlCacheBehavior [ RunTime:0.000824s ]
INFO: [ app_begin ] --END-- [ RunTime:0.000907s ]
INFO: [ view_parse ] --START--
INFO: [ template_filter ] --START--
INFO: Run Behavior\ContentReplaceBehavior [ RunTime:0.000220s ]
INFO: [ template_filter ] --END-- [ RunTime:0.000377s ]
NOTIC: [2048] Declaration of Common\Model\MenuModel::find() should be compatible with Think\Model::find($options = Array) /Library/WebServer/News/Application/Common/Model/MenuModel.class.php 第 14 行.
SQL: SHOW COLUMNS FROM `cms_menu` [ RunTime:0.0014s ]
SQL: SELECT * FROM `cms_menu` WHERE `status` <> -1 AND `type` = 1 ORDER BY listorder desc  [ RunTime:0.0006s ]
NOTIC: [8] Undefined variable: news /Library/WebServer/News/Application/Runtime/Cache/admin/4aa567e08aa51c779963333816124366.php 第 166 行.
INFO: Run Behavior\ParseTemplateBehavior [ RunTime:0.037291s ]
INFO: [ view_parse ] --END-- [ RunTime:0.037382s ]
INFO: [ view_filter ] --START--
INFO: Run Behavior\WriteHtmlCacheBehavior [ RunTime:0.000284s ]
INFO: [ view_filter ] --END-- [ RunTime:0.000328s ]
INFO: [ app_end ] --START--
INFO: Run Behavior\ShowPageTraceBehavior [ RunTime:0.001079s ]
INFO: [ app_end ] --END-- [ RunTime:0.001171s ]

[ 2017-11-04T15:26:03+08:00 ] 127.0.0.1 /admin.php
INFO: [ app_init ] --START--
INFO: Run Behavior\BuildLiteBehavior [ RunTime:0.000040s ]
INFO: [ app_init ] --END-- [ RunTime:0.000877s ]
INFO: [ app_begin ] --START--
INFO: Run Behavior\ReadHtmlCacheBehavior [ RunTime:0.000518s ]
INFO: [ app_begin ] --END-- [ RunTime:0.000567s ]
INFO: [ view_parse ] --START--
INFO: [ template_filter ] --START--
INFO: Run Behavior\ContentReplaceBehavior [ RunTime:0.002062s ]
INFO: [ template_filter ] --END-- [ RunTime:0.002121s ]
NOTIC: [2048] Declaration of Common\Model\MenuModel::find() should be compatible with Think\Model::find($options = Array) /Library/WebServer/News/Application/Common/Model/MenuModel.class.php 第 14 行.
SQL: SHOW COLUMNS FROM `cms_menu` [ RunTime:0.0032s ]
SQL: SELECT * FROM `cms_menu` WHERE `status` <> -1 AND `type` = 1 ORDER BY listorder desc  [ RunTime:0.0032s ]
NOTIC: [8] Undefined variable: news /Library/WebServer/News/Application/Runtime/Cache/admin/4aa567e08aa51c779963333816124366.php 第 166 行.
INFO: Run Behavior\ParseTemplateBehavior [ RunTime:0.037483s ]
INFO: [ view_parse ] --END-- [ RunTime:0.037541s ]
INFO: [ view_filter ] --START--
INFO: Run Behavior\WriteHtmlCacheBehavior [ RunTime:0.005494s ]
INFO: [ view_filter ] --END-- [ RunTime:0.005538s ]
INFO: [ app_end ] --START--
INFO: Run Behavior\ShowPageTraceBehavior [ RunTime:0.001055s ]
INFO: [ app_end ] --END-- [ RunTime:0.001175s ]

[ 2017-11-04T15:26:05+08:00 ] 127.0.0.1 /admin.php?c=menu&a=index
INFO: [ app_init ] --START--
INFO: Run Behavior\BuildLiteBehavior [ RunTime:0.000014s ]
INFO: [ app_init ] --END-- [ RunTime:0.000379s ]
INFO: [ app_begin ] --START--
INFO: Run Behavior\ReadHtmlCacheBehavior [ RunTime:0.000394s ]
INFO: [ app_begin ] --END-- [ RunTime:0.000449s ]
NOTIC: [2048] Declaration of Common\Model\MenuModel::find() should be compatible with Think\Model::find($options = Array) /Library/WebServer/News/Application/Common/Model/MenuModel.class.php 第 14 行.
SQL: SHOW COLUMNS FROM `cms_menu` [ RunTime:0.0010s ]
NOTIC: [8] Undefined index: type /Library/WebServer/News/Application/admin/Controller/MenuController.class.php 第 38 行.
SQL: SELECT COUNT(*) AS tp_count FROM `cms_menu` WHERE `status` <> -1 AND `type` = null LIMIT 1   [ RunTime:0.0034s ]
NOTIC: [8] Undefined index: type /Library/WebServer/News/Application/admin/Controller/MenuController.class.php 第 42 行.
SQL: SELECT * FROM `cms_menu` WHERE `status` <> -1 AND `type` = null ORDER BY listorder desc LIMIT 0,3   [ RunTime:0.0018s ]
INFO: [ view_parse ] --START--
INFO: [ template_filter ] --START--
INFO: Run Behavior\ContentReplaceBehavior [ RunTime:0.000061s ]
INFO: [ template_filter ] --END-- [ RunTime:0.000128s ]
SQL: SELECT * FROM `cms_menu` WHERE `status` <> -1 AND `type` = 1 ORDER BY listorder desc  [ RunTime:0.0009s ]
NOTIC: [8] Undefined variable: nav /Library/WebServer/News/Application/Runtime/Cache/admin/cd84a7df4805834127cd8f9ab7b5847f.php 第 104 行.
NOTIC: [8] Undefined variable: boo /Library/WebServer/News/Application/Runtime/Cache/admin/cd84a7df4805834127cd8f9ab7b5847f.php 第 182 行.
INFO: Run Behavior\ParseTemplateBehavior [ RunTime:0.033821s ]
INFO: [ view_parse ] --END-- [ RunTime:0.033865s ]
INFO: [ view_filter ] --START--
INFO: Run Behavior\WriteHtmlCacheBehavior [ RunTime:0.000257s ]
INFO: [ view_filter ] --END-- [ RunTime:0.000309s ]
INFO: [ app_end ] --START--
INFO: Run Behavior\ShowPageTraceBehavior [ RunTime:0.000546s ]
INFO: [ app_end ] --END-- [ RunTime:0.000647s ]

[ 2017-11-04T15:26:09+08:00 ] 127.0.0.1 /admin.php?c=menu&a=add
INFO: [ app_init ] --START--
INFO: Run Behavior\BuildLiteBehavior [ RunTime:0.000011s ]
INFO: [ app_init ] --END-- [ RunTime:0.000328s ]
INFO: [ app_begin ] --START--
INFO: Run Behavior\ReadHtmlCacheBehavior [ RunTime:0.000333s ]
INFO: [ app_begin ] --END-- [ RunTime:0.000415s ]
INFO: [ view_parse ] --START--
INFO: [ template_filter ] --START--
INFO: Run Behavior\ContentReplaceBehavior [ RunTime:0.000034s ]
INFO: [ template_filter ] --END-- [ RunTime:0.000074s ]
NOTIC: [2048] Declaration of Common\Model\MenuModel::find() should be compatible with Think\Model::find($options = Array) /Library/WebServer/News/Application/Common/Model/MenuModel.class.php 第 14 行.
SQL: SHOW COLUMNS FROM `cms_menu` [ RunTime:0.0006s ]
SQL: SELECT * FROM `cms_menu` WHERE `status` <> -1 AND `type` = 1 ORDER BY listorder desc  [ RunTime:0.0003s ]
NOTIC: [8] Undefined variable: menus /Library/WebServer/News/Application/Runtime/Cache/admin/e43f6300605689f306fd23ee3973ff47.php 第 125 行.
INFO: Run Behavior\ParseTemplateBehavior [ RunTime:0.014689s ]
INFO: [ view_parse ] --END-- [ RunTime:0.014725s ]
INFO: [ view_filter ] --START--
INFO: Run Behavior\WriteHtmlCacheBehavior [ RunTime:0.000147s ]
INFO: [ view_filter ] --END-- [ RunTime:0.000172s ]
INFO: [ app_end ] --START--
INFO: Run Behavior\ShowPageTraceBehavior [ RunTime:0.000402s ]
INFO: [ app_end ] --END-- [ RunTime:0.000443s ]

[ 2017-11-04T15:26:12+08:00 ] 127.0.0.1 /admin.php?c=menu&a=add
INFO: [ app_init ] --START--
INFO: Run Behavior\BuildLiteBehavior [ RunTime:0.000010s ]
INFO: [ app_init ] --END-- [ RunTime:0.000237s ]
INFO: [ app_begin ] --START--
INFO: Run Behavior\ReadHtmlCacheBehavior [ RunTime:0.000302s ]
INFO: [ app_begin ] --END-- [ RunTime:0.000336s ]

[ 2017-11-04T15:26:16+08:00 ] 127.0.0.1 /admin.php?c=menu&a=index
INFO: [ app_init ] --START--
INFO: Run Behavior\BuildLiteBehavior [ RunTime:0.000010s ]
INFO: [ app_init ] --END-- [ RunTime:0.000234s ]
INFO: [ app_begin ] --START--
INFO: Run Behavior\ReadHtmlCacheBehavior [ RunTime:0.000267s ]
INFO: [ app_begin ] --END-- [ RunTime:0.000297s ]
NOTIC: [2048] Declaration of Common\Model\MenuModel::find() should be compatible with Think\Model::find($options = Array) /Library/WebServer/News/Application/Common/Model/MenuModel.class.php 第 14 行.
SQL: SHOW COLUMNS FROM `cms_menu` [ RunTime:0.0006s ]
NOTIC: [8] Undefined index: type /Library/WebServer/News/Application/admin/Controller/MenuController.class.php 第 38 行.
SQL: SELECT COUNT(*) AS tp_count FROM `cms_menu` WHERE `status` <> -1 AND `type` = null LIMIT 1   [ RunTime:0.0003s ]
NOTIC: [8] Undefined index: type /Library/WebServer/News/Application/admin/Controller/MenuController.class.php 第 42 行.
SQL: SELECT * FROM `cms_menu` WHERE `status` <> -1 AND `type` = null ORDER BY listorder desc LIMIT 0,3   [ RunTime:0.0003s ]
INFO: [ view_parse ] --START--
INFO: [ template_filter ] --START--
INFO: Run Behavior\ContentReplaceBehavior [ RunTime:0.000037s ]
INFO: [ template_filter ] --END-- [ RunTime:0.000075s ]
SQL: SELECT * FROM `cms_menu` WHERE `status` <> -1 AND `type` = 1 ORDER BY listorder desc  [ RunTime:0.0004s ]
NOTIC: [8] Undefined variable: nav /Library/WebServer/News/Application/Runtime/Cache/admin/cd84a7df4805834127cd8f9ab7b5847f.php 第 104 行.
NOTIC: [8] Undefined variable: boo /Library/WebServer/News/Application/Runtime/Cache/admin/cd84a7df4805834127cd8f9ab7b5847f.php 第 182 行.
INFO: Run Behavior\ParseTemplateBehavior [ RunTime:0.012955s ]
INFO: [ view_parse ] --END-- [ RunTime:0.012982s ]
INFO: [ view_filter ] --START--
INFO: Run Behavior\WriteHtmlCacheBehavior [ RunTime:0.000129s ]
INFO: [ view_filter ] --END-- [ RunTime:0.000152s ]
INFO: [ app_end ] --START--
INFO: Run Behavior\ShowPageTraceBehavior [ RunTime:0.000311s ]
INFO: [ app_end ] --END-- [ RunTime:0.000337s ]

[ 2017-11-04T15:26:29+08:00 ] 127.0.0.1 /admin.php?type=1&c=menu&a=index
INFO: [ app_init ] --START--
INFO: Run Behavior\BuildLiteBehavior [ RunTime:0.000019s ]
INFO: [ app_init ] --END-- [ RunTime:0.000301s ]
INFO: [ app_begin ] --START--
INFO: Run Behavior\ReadHtmlCacheBehavior [ RunTime:0.000359s ]
INFO: [ app_begin ] --END-- [ RunTime:0.000425s ]
NOTIC: [2048] Declaration of Common\Model\MenuModel::find() should be compatible with Think\Model::find($options = Array) /Library/WebServer/News/Application/Common/Model/MenuModel.class.php 第 14 行.
SQL: SHOW COLUMNS FROM `cms_menu` [ RunTime:0.0012s ]
SQL: SELECT COUNT(*) AS tp_count FROM `cms_menu` WHERE `status` <> -1 AND `type` = 1 LIMIT 1   [ RunTime:0.0013s ]
SQL: SELECT * FROM `cms_menu` WHERE `status` <> -1 AND `type` = 1 ORDER BY listorder desc LIMIT 0,3   [ RunTime:0.0004s ]
INFO: [ view_parse ] --START--
INFO: [ template_filter ] --START--
INFO: Run Behavior\ContentReplaceBehavior [ RunTime:0.000128s ]
INFO: [ template_filter ] --END-- [ RunTime:0.000193s ]
SQL: SELECT * FROM `cms_menu` WHERE `status` <> -1 AND `type` = 1 ORDER BY listorder desc  [ RunTime:0.0006s ]
NOTIC: [8] Undefined variable: nav /Library/WebServer/News/Application/Runtime/Cache/admin/cd84a7df4805834127cd8f9ab7b5847f.php 第 104 行.
NOTIC: [8] Undefined variable: boo /Library/WebServer/News/Application/Runtime/Cache/admin/cd84a7df4805834127cd8f9ab7b5847f.php 第 182 行.
INFO: Run Behavior\ParseTemplateBehavior [ RunTime:0.020658s ]
INFO: [ view_parse ] --END-- [ RunTime:0.020717s ]
INFO: [ view_filter ] --START--
INFO: Run Behavior\WriteHtmlCacheBehavior [ RunTime:0.000177s ]
INFO: [ view_filter ] --END-- [ RunTime:0.000203s ]
INFO: [ app_end ] --START--
INFO: Run Behavior\ShowPageTraceBehavior [ RunTime:0.003716s ]
INFO: [ app_end ] --END-- [ RunTime:0.004196s ]

[ 2017-11-04T15:26:31+08:00 ] 127.0.0.1 /admin.php?c=menu&a=edit&id=1
INFO: [ app_init ] --START--
INFO: Run Behavior\BuildLiteBehavior [ RunTime:0.000009s ]
INFO: [ app_init ] --END-- [ RunTime:0.000209s ]
INFO: [ app_begin ] --START--
INFO: Run Behavior\ReadHtmlCacheBehavior [ RunTime:0.000287s ]
INFO: [ app_begin ] --END-- [ RunTime:0.000316s ]
NOTIC: [2048] Declaration of Common\Model\MenuModel::find() should be compatible with Think\Model::find($options = Array) /Library/WebServer/News/Application/Common/Model/MenuModel.class.php 第 14 行.
SQL: SHOW COLUMNS FROM `cms_menu` [ RunTime:0.0007s ]
SQL: SELECT * FROM `cms_menu` WHERE ( menu_id=1 ) LIMIT 1   [ RunTime:0.0013s ]
INFO: [ view_parse ] --START--
INFO: [ template_filter ] --START--
INFO: Run Behavior\ContentReplaceBehavior [ RunTime:0.000031s ]
INFO: [ template_filter ] --END-- [ RunTime:0.000067s ]
SQL: SELECT * FROM `cms_menu` WHERE `status` <> -1 AND `type` = 1 ORDER BY listorder desc  [ RunTime:0.0005s ]
INFO: Run Behavior\ParseTemplateBehavior [ RunTime:0.015851s ]
INFO: [ view_parse ] --END-- [ RunTime:0.015901s ]
INFO: [ view_filter ] --START--
INFO: Run Behavior\WriteHtmlCacheBehavior [ RunTime:0.000269s ]
INFO: [ view_filter ] --END-- [ RunTime:0.000307s ]
INFO: [ app_end ] --START--
INFO: Run Behavior\ShowPageTraceBehavior [ RunTime:0.000330s ]
INFO: [ app_end ] --END-- [ RunTime:0.000361s ]

[ 2017-11-04T15:58:33+08:00 ] 127.0.0.1 /admin.php?c=menu&a=add
INFO: [ app_init ] --START--
INFO: Run Behavior\BuildLiteBehavior [ RunTime:0.000023s ]
INFO: [ app_init ] --END-- [ RunTime:0.000404s ]
INFO: [ app_begin ] --START--
INFO: Run Behavior\ReadHtmlCacheBehavior [ RunTime:0.000389s ]
INFO: [ app_begin ] --END-- [ RunTime:0.000442s ]
NOTIC: [2048] Declaration of Common\Model\MenuModel::find() should be compatible with Think\Model::find($options = Array) /Library/WebServer/News/Application/Common/Model/MenuModel.class.php 第 14 行.
SQL: SHOW COLUMNS FROM `cms_menu` [ RunTime:0.0011s ]
SQL: UPDATE `cms_menu` SET `name`='菜单管理',`type`='1',`m`='admin',`c`='menu',`f`='index',`status`='1' WHERE ( menu_id=1 ) [ RunTime:0.0118s ]

[ 2017-11-04T15:58:35+08:00 ] 127.0.0.1 /admin.php?c=menu
INFO: [ app_init ] --START--
INFO: Run Behavior\BuildLiteBehavior [ RunTime:0.000019s ]
INFO: [ app_init ] --END-- [ RunTime:0.000419s ]
INFO: [ app_begin ] --START--
INFO: Run Behavior\ReadHtmlCacheBehavior [ RunTime:0.000670s ]
INFO: [ app_begin ] --END-- [ RunTime:0.000737s ]
NOTIC: [2048] Declaration of Common\Model\MenuModel::find() should be compatible with Think\Model::find($options = Array) /Library/WebServer/News/Application/Common/Model/MenuModel.class.php 第 14 行.
SQL: SHOW COLUMNS FROM `cms_menu` [ RunTime:0.0006s ]
NOTIC: [8] Undefined index: type /Library/WebServer/News/Application/admin/Controller/MenuController.class.php 第 38 行.
SQL: SELECT COUNT(*) AS tp_count FROM `cms_menu` WHERE `status` <> -1 AND `type` = null LIMIT 1   [ RunTime:0.0003s ]
NOTIC: [8] Undefined index: type /Library/WebServer/News/Application/admin/Controller/MenuController.class.php 第 42 行.
SQL: SELECT * FROM `cms_menu` WHERE `status` <> -1 AND `type` = null ORDER BY listorder desc LIMIT 0,3   [ RunTime:0.0005s ]
INFO: [ view_parse ] --START--
INFO: [ template_filter ] --START--
INFO: Run Behavior\ContentReplaceBehavior [ RunTime:0.000085s ]
INFO: [ template_filter ] --END-- [ RunTime:0.000139s ]
SQL: SELECT * FROM `cms_menu` WHERE `status` <> -1 AND `type` = 1 ORDER BY listorder desc  [ RunTime:0.0005s ]
NOTIC: [8] Undefined variable: nav /Library/WebServer/News/Application/Runtime/Cache/admin/cd84a7df4805834127cd8f9ab7b5847f.php 第 104 行.
NOTIC: [8] Undefined variable: boo /Library/WebServer/News/Application/Runtime/Cache/admin/cd84a7df4805834127cd8f9ab7b5847f.php 第 182 行.
INFO: Run Behavior\ParseTemplateBehavior [ RunTime:0.033247s ]
INFO: [ view_parse ] --END-- [ RunTime:0.033303s ]
INFO: [ view_filter ] --START--
INFO: Run Behavior\WriteHtmlCacheBehavior [ RunTime:0.001375s ]
INFO: [ view_filter ] --END-- [ RunTime:0.001420s ]
INFO: [ app_end ] --START--
INFO: Run Behavior\ShowPageTraceBehavior [ RunTime:0.000541s ]
INFO: [ app_end ] --END-- [ RunTime:0.000580s ]

[ 2017-11-04T15:58:41+08:00 ] 127.0.0.1 /admin.php?c=menu&a=listorder
INFO: [ app_init ] --START--
INFO: Run Behavior\BuildLiteBehavior [ RunTime:0.000010s ]
INFO: [ app_init ] --END-- [ RunTime:0.000220s ]
INFO: [ app_begin ] --START--
INFO: Run Behavior\ReadHtmlCacheBehavior [ RunTime:0.000285s ]
INFO: [ app_begin ] --END-- [ RunTime:0.000315s ]
NOTIC: [8] Undefined index: listorder /Library/WebServer/News/Application/admin/Controller/MenuController.class.php 第 137 行.

